2019-11-25T06:25:36.477Z - error: Error when processing render request Cannot read property 'pdfAsset' of undefined TypeError: Cannot read property 'pdfAsset' of undefined
    at Object.execute (D:\projetos\tcc_sge\sge_relatorios\node_modules\jsreport-static-pdf\lib\main.js:43:39)
    at invokeRender (D:\projetos\tcc_sge\sge_relatorios\node_modules\jsreport-core\lib\render\render.js:97:17)
2019-11-25T06:25:36.479Z - error: Error during processing request at http://localhost:5488/api/report/invoice-main
2019-11-26T01:06:04.279Z - error: Error when processing render request waiting for target failed: timeout 30000ms exceeded TimeoutError: waiting for target failed: timeout 30000ms exceeded
    at Function.waitWithTimeout (D:\projetos\tcc_sge\sge_relatorios\node_modules\puppeteer\lib\helper.js:214:26)
    at Browser.waitForTarget (D:\projetos\tcc_sge\sge_relatorios\node_modules\puppeteer\lib\Browser.js:214:27)
    at Browser.<anonymous> (D:\projetos\tcc_sge\sge_relatorios\node_modules\puppeteer\lib\helper.js:111:23)
    at Launcher.launch (D:\projetos\tcc_sge\sge_relatorios\node_modules\puppeteer\lib\Launcher.js:178:21)
    at process._tickCallback (internal/process/next_tick.js:68:7)
2019-11-26T01:06:04.281Z - error: Error during processing request at http://localhost:5488/templates/rkJTnK2ce
2019-11-26T01:06:04.288Z - error: Error when processing render request waiting for target failed: timeout 30000ms exceeded TimeoutError: waiting for target failed: timeout 30000ms exceeded
    at Function.waitWithTimeout (D:\projetos\tcc_sge\sge_relatorios\node_modules\puppeteer\lib\helper.js:214:26)
    at Browser.waitForTarget (D:\projetos\tcc_sge\sge_relatorios\node_modules\puppeteer\lib\Browser.js:214:27)
    at Browser.<anonymous> (D:\projetos\tcc_sge\sge_relatorios\node_modules\puppeteer\lib\helper.js:111:23)
    at Launcher.launch (D:\projetos\tcc_sge\sge_relatorios\node_modules\puppeteer\lib\Launcher.js:178:21)
    at process._tickCallback (internal/process/next_tick.js:68:7)
2019-11-26T01:06:04.290Z - error: Error during processing request at http://localhost:5488/api/report/invoice-main
2019-11-26T01:06:09.587Z - error: Error when processing render request Timeout Error: pdf generation not completed after 40000ms Error: Timeout Error: pdf generation not completed after 40000ms
    at Timeout.setTimeout (D:\projetos\tcc_sge\sge_relatorios\node_modules\jsreport-chrome-pdf\lib\conversion.js:192:19)
    at ontimeout (timers.js:436:11)
    at tryOnTimeout (timers.js:300:5)
    at listOnTimeout (timers.js:263:5)
    at Timer.processTimers (timers.js:223:10)
2019-11-26T01:06:09.589Z - error: Error during processing request at http://localhost:5488/api/report/invoice-main
2019-11-26T01:53:22.454Z - error: uncaughtException: kill ENOSYS date=Mon Nov 25 2019 23:53:20 GMT-0200 (GMT-02:00), pid=5444, uid=null, gid=null, cwd=D:\projetos\tcc_sge\sge_relatorios, execPath=C:\Program Files\nodejs\node.exe, version=v10.15.3, argv=[C:\Program Files\nodejs\node.exe, C:\Users\pahju\AppData\Roaming\npm\node_modules\jsreport-cli\cli.js, start], rss=81879040, heapTotal=79876096, heapUsed=61840688, external=442852, loadavg=[0, 0, 0], uptime=4632, trace=[column=13, file=internal/process/per_thread.js, function=process.kill, line=198, method=kill, native=false, column=15, file=D:\projetos\tcc_sge\sge_relatorios\node_modules\signal-exit\index.js, function=process.listener, line=95, method=listener, native=false, column=13, file=events.js, function=process.emit, line=189, method=emit, native=false], stack=[Error: kill ENOSYS,     at process.kill (internal/process/per_thread.js:198:13),     at process.listener (D:\projetos\tcc_sge\sge_relatorios\node_modules\signal-exit\index.js:95:15),     at process.emit (events.js:189:13)]
2019-11-26T02:29:30.702Z - error: Error during processing request at http://localhost:5488/api/report, details: Unexpected token [ in JSON at position 58, stack: SyntaxError: Unexpected token [ in JSON at position 58
    at JSON.parse (<anonymous>)
    at parse (D:\projetos\tcc_sge\sge_relatorios\node_modules\body-parser\lib\types\json.js:89:19)
    at D:\projetos\tcc_sge\sge_relatorios\node_modules\body-parser\lib\read.js:121:18
    at invokeCallback (D:\projetos\tcc_sge\sge_relatorios\node_modules\raw-body\index.js:224:16)
    at done (D:\projetos\tcc_sge\sge_relatorios\node_modules\raw-body\index.js:213:7)
    at IncomingMessage.onEnd (D:\projetos\tcc_sge\sge_relatorios\node_modules\raw-body\index.js:273:7)
    at IncomingMessage.emit (events.js:194:15)
    at endReadableNT (_stream_readable.js:1125:12)
    at process._tickCallback (internal/process/next_tick.js:63:19)
2019-11-26T02:33:59.464Z - error: Error during processing request at http://localhost:5488/api/report, details: Could not parse report template, aren't you missing content type?, stack: undefined
2019-11-26T03:54:14.134Z - error: Error when processing render request Timeout Error: pdf generation not completed after 40000ms Error: Timeout Error: pdf generation not completed after 40000ms
    at Timeout.setTimeout (D:\projetos\tcc_sge\sge_relatorios\node_modules\jsreport-chrome-pdf\lib\conversion.js:192:19)
    at ontimeout (timers.js:436:11)
    at tryOnTimeout (timers.js:300:5)
    at listOnTimeout (timers.js:263:5)
    at Timer.processTimers (timers.js:223:10)
2019-11-26T03:54:14.199Z - error: Error during processing request at http://localhost:5488/api/report/
2019-11-29T23:30:40.003Z - error: Error when processing render request Timeout Error: pdf generation not completed after 40000ms Error: Timeout Error: pdf generation not completed after 40000ms
    at Timeout.setTimeout (D:\projetos\tcc_sge\sge_relatorios\node_modules\jsreport-chrome-pdf\lib\conversion.js:192:19)
    at ontimeout (timers.js:436:11)
    at tryOnTimeout (timers.js:300:5)
    at listOnTimeout (timers.js:263:5)
    at Timer.processTimers (timers.js:223:10)
2019-11-29T23:30:40.006Z - error: Error during processing request at http://localhost:5488/api/report/
2019-11-30T19:22:43.471Z - error: Error during processing request at http://localhost:5488/api/report/, details: Could not parse report template, aren't you missing content type?
undefined
2019-11-30T19:24:30.207Z - error: Error during processing request at http://localhost:5488/api/report/, details: Could not parse report template, aren't you missing content type?
undefined
2019-11-30T19:28:11.439Z - error: Error during processing request at http://localhost:5488/api/report/, details: Could not parse report template, aren't you missing content type?, stack: undefined
2019-11-30T19:29:16.738Z - error: Error during processing request at http://localhost:5488/api/report/, details: Could not parse report template, aren't you missing content type?, stack: undefined
2019-11-30T19:34:18.409Z - error: Error during processing request at http://localhost:5488/api/report/, details: Unexpected end of JSON input, stack: SyntaxError: Unexpected end of JSON input
    at JSON.parse (<anonymous>)
    at parse (D:\projetos\tcc_sge\sge_relatorios\node_modules\body-parser\lib\types\json.js:89:19)
    at D:\projetos\tcc_sge\sge_relatorios\node_modules\body-parser\lib\read.js:121:18
    at invokeCallback (D:\projetos\tcc_sge\sge_relatorios\node_modules\raw-body\index.js:224:16)
    at done (D:\projetos\tcc_sge\sge_relatorios\node_modules\raw-body\index.js:213:7)
    at IncomingMessage.onEnd (D:\projetos\tcc_sge\sge_relatorios\node_modules\raw-body\index.js:273:7)
    at IncomingMessage.emit (events.js:194:15)
    at endReadableNT (_stream_readable.js:1125:12)
    at process._tickCallback (internal/process/next_tick.js:63:19)
2019-11-30T19:34:32.934Z - error: Error during processing request at http://localhost:5488/api/report/, details: Unexpected end of JSON input, stack: SyntaxError: Unexpected end of JSON input
    at JSON.parse (<anonymous>)
    at parse (D:\projetos\tcc_sge\sge_relatorios\node_modules\body-parser\lib\types\json.js:89:19)
    at D:\projetos\tcc_sge\sge_relatorios\node_modules\body-parser\lib\read.js:121:18
    at invokeCallback (D:\projetos\tcc_sge\sge_relatorios\node_modules\raw-body\index.js:224:16)
    at done (D:\projetos\tcc_sge\sge_relatorios\node_modules\raw-body\index.js:213:7)
    at IncomingMessage.onEnd (D:\projetos\tcc_sge\sge_relatorios\node_modules\raw-body\index.js:273:7)
    at IncomingMessage.emit (events.js:194:15)
    at endReadableNT (_stream_readable.js:1125:12)
    at process._tickCallback (internal/process/next_tick.js:63:19)
2019-11-30T19:36:51.669Z - error: Error during processing request at http://localhost:5488/api/report/, details: Could not parse report template, aren't you missing content type?, stack: undefined
2019-11-30T19:37:37.602Z - error: Error during processing request at http://localhost:5488/api/report/, details: Could not parse report template, aren't you missing content type?, stack: undefined
2019-11-30T19:37:37.837Z - error: Error during processing request at http://localhost:5488/api/report/, details: Could not parse report template, aren't you missing content type?, stack: undefined
2019-11-30T19:37:39.026Z - error: Error during processing request at http://localhost:5488/api/report/, details: Could not parse report template, aren't you missing content type?, stack: undefined
2019-11-30T19:39:26.867Z - error: Error during processing request at http://localhost:5488/api/report/, details: Could not parse report template, aren't you missing content type?, stack: undefined
2019-11-30T19:39:27.783Z - error: Error during processing request at http://localhost:5488/api/report/, details: Could not parse report template, aren't you missing content type?, stack: undefined
2019-11-30T19:39:47.482Z - error: Error during processing request at http://localhost:5488/api/report/, details: Could not parse report template, aren't you missing content type?, stack: undefined
2019-11-30T19:42:48.719Z - error: Error during processing request at http://localhost:5488/api/report/, details: Could not parse report template, aren't you missing content type?, stack: undefined
2019-11-30T19:43:46.782Z - error: Error during processing request at http://localhost:5488/api/report/, details: Could not parse report template, aren't you missing content type?
undefined
2019-11-30T19:45:26.697Z - error: Error during processing request at http://localhost:5488/api/report/, details: Unexpected token " in JSON at position 0, stack: SyntaxError: Unexpected token " in JSON at position 0
    at JSON.parse (<anonymous>)
    at createStrictSyntaxError (D:\projetos\tcc_sge\sge_relatorios\node_modules\body-parser\lib\types\json.js:158:10)
    at parse (D:\projetos\tcc_sge\sge_relatorios\node_modules\body-parser\lib\types\json.js:83:15)
    at D:\projetos\tcc_sge\sge_relatorios\node_modules\body-parser\lib\read.js:121:18
    at invokeCallback (D:\projetos\tcc_sge\sge_relatorios\node_modules\raw-body\index.js:224:16)
    at done (D:\projetos\tcc_sge\sge_relatorios\node_modules\raw-body\index.js:213:7)
    at IncomingMessage.onEnd (D:\projetos\tcc_sge\sge_relatorios\node_modules\raw-body\index.js:273:7)
    at IncomingMessage.emit (events.js:194:15)
    at endReadableNT (_stream_readable.js:1125:12)
    at process._tickCallback (internal/process/next_tick.js:63:19)
2019-11-30T19:45:47.848Z - error: Error during processing request at http://localhost:5488/api/report/, details: Unexpected token " in JSON at position 0, stack: SyntaxError: Unexpected token " in JSON at position 0
    at JSON.parse (<anonymous>)
    at createStrictSyntaxError (D:\projetos\tcc_sge\sge_relatorios\node_modules\body-parser\lib\types\json.js:158:10)
    at parse (D:\projetos\tcc_sge\sge_relatorios\node_modules\body-parser\lib\types\json.js:83:15)
    at D:\projetos\tcc_sge\sge_relatorios\node_modules\body-parser\lib\read.js:121:18
    at invokeCallback (D:\projetos\tcc_sge\sge_relatorios\node_modules\raw-body\index.js:224:16)
    at done (D:\projetos\tcc_sge\sge_relatorios\node_modules\raw-body\index.js:213:7)
    at IncomingMessage.onEnd (D:\projetos\tcc_sge\sge_relatorios\node_modules\raw-body\index.js:273:7)
    at IncomingMessage.emit (events.js:194:15)
    at endReadableNT (_stream_readable.js:1125:12)
    at process._tickCallback (internal/process/next_tick.js:63:19)
2019-11-30T19:45:53.344Z - error: Error during processing request at http://localhost:5488/api/report/, details: Unexpected token " in JSON at position 0, stack: SyntaxError: Unexpected token " in JSON at position 0
    at JSON.parse (<anonymous>)
    at createStrictSyntaxError (D:\projetos\tcc_sge\sge_relatorios\node_modules\body-parser\lib\types\json.js:158:10)
    at parse (D:\projetos\tcc_sge\sge_relatorios\node_modules\body-parser\lib\types\json.js:83:15)
    at D:\projetos\tcc_sge\sge_relatorios\node_modules\body-parser\lib\read.js:121:18
    at invokeCallback (D:\projetos\tcc_sge\sge_relatorios\node_modules\raw-body\index.js:224:16)
    at done (D:\projetos\tcc_sge\sge_relatorios\node_modules\raw-body\index.js:213:7)
    at IncomingMessage.onEnd (D:\projetos\tcc_sge\sge_relatorios\node_modules\raw-body\index.js:273:7)
    at IncomingMessage.emit (events.js:194:15)
    at endReadableNT (_stream_readable.js:1125:12)
    at process._tickCallback (internal/process/next_tick.js:63:19)
2019-11-30T19:46:48.963Z - error: Error during processing request at http://localhost:5488/api/report/, details: Unexpected end of JSON input, stack: SyntaxError: Unexpected end of JSON input
    at JSON.parse (<anonymous>)
    at parse (D:\projetos\tcc_sge\sge_relatorios\node_modules\body-parser\lib\types\json.js:89:19)
    at D:\projetos\tcc_sge\sge_relatorios\node_modules\body-parser\lib\read.js:121:18
    at invokeCallback (D:\projetos\tcc_sge\sge_relatorios\node_modules\raw-body\index.js:224:16)
    at done (D:\projetos\tcc_sge\sge_relatorios\node_modules\raw-body\index.js:213:7)
    at IncomingMessage.onEnd (D:\projetos\tcc_sge\sge_relatorios\node_modules\raw-body\index.js:273:7)
    at IncomingMessage.emit (events.js:194:15)
    at endReadableNT (_stream_readable.js:1125:12)
    at process._tickCallback (internal/process/next_tick.js:63:19)
2019-11-30T20:21:04.331Z - error: Error when processing render request Timeout Error: pdf generation not completed after 40000ms Error: Timeout Error: pdf generation not completed after 40000ms
    at Timeout.setTimeout (D:\projetos\tcc_sge\sge_relatorios\node_modules\jsreport-chrome-pdf\lib\conversion.js:192:19)
    at ontimeout (timers.js:436:11)
    at tryOnTimeout (timers.js:300:5)
    at listOnTimeout (timers.js:263:5)
    at Timer.processTimers (timers.js:223:10)
2019-11-30T20:21:04.338Z - error: Error when processing render request Timeout Error: pdf generation not completed after 40000ms Error: Timeout Error: pdf generation not completed after 40000ms
    at Timeout.setTimeout (D:\projetos\tcc_sge\sge_relatorios\node_modules\jsreport-chrome-pdf\lib\conversion.js:192:19)
    at ontimeout (timers.js:436:11)
    at tryOnTimeout (timers.js:300:5)
    at listOnTimeout (timers.js:263:5)
    at Timer.processTimers (timers.js:223:10)
2019-11-30T20:21:04.345Z - error: Error when processing render request Timeout Error: pdf generation not completed after 40000ms Error: Timeout Error: pdf generation not completed after 40000ms
    at Timeout.setTimeout (D:\projetos\tcc_sge\sge_relatorios\node_modules\jsreport-chrome-pdf\lib\conversion.js:192:19)
    at ontimeout (timers.js:436:11)
    at tryOnTimeout (timers.js:300:5)
    at listOnTimeout (timers.js:263:5)
    at Timer.processTimers (timers.js:223:10)
2019-11-30T20:21:04.391Z - error: Error when processing render request Timeout Error: pdf generation not completed after 40000ms Error: Timeout Error: pdf generation not completed after 40000ms
    at Timeout.setTimeout (D:\projetos\tcc_sge\sge_relatorios\node_modules\jsreport-chrome-pdf\lib\conversion.js:192:19)
    at ontimeout (timers.js:436:11)
    at tryOnTimeout (timers.js:300:5)
    at listOnTimeout (timers.js:263:5)
    at Timer.processTimers (timers.js:223:10)
2019-11-30T20:21:04.393Z - error: Error during processing request at http://localhost:5488/api/report/
2019-11-30T20:21:04.395Z - error: Error during processing request at http://localhost:5488/api/report/
2019-11-30T20:21:04.398Z - error: Error during processing request at http://localhost:5488/api/report/
2019-11-30T20:21:04.400Z - error: Error during processing request at http://localhost:5488/api/report/
2019-11-30T20:21:04.628Z - error: Error when processing render request Timeout Error: pdf generation not completed after 40000ms Error: Timeout Error: pdf generation not completed after 40000ms
    at Timeout.setTimeout (D:\projetos\tcc_sge\sge_relatorios\node_modules\jsreport-chrome-pdf\lib\conversion.js:192:19)
    at ontimeout (timers.js:436:11)
    at tryOnTimeout (timers.js:300:5)
    at listOnTimeout (timers.js:263:5)
    at Timer.processTimers (timers.js:223:10)
2019-11-30T20:21:04.632Z - error: Error during processing request at http://localhost:5488/api/report/
2019-11-30T20:21:56.408Z - error: Error when processing render request Timeout Error: pdf generation not completed after 40000ms Error: Timeout Error: pdf generation not completed after 40000ms
    at Timeout.setTimeout (D:\projetos\tcc_sge\sge_relatorios\node_modules\jsreport-chrome-pdf\lib\conversion.js:192:19)
    at ontimeout (timers.js:436:11)
    at tryOnTimeout (timers.js:300:5)
    at listOnTimeout (timers.js:263:5)
    at Timer.processTimers (timers.js:223:10)
2019-11-30T20:21:56.413Z - error: Error when processing render request Timeout Error: pdf generation not completed after 40000ms Error: Timeout Error: pdf generation not completed after 40000ms
    at Timeout.setTimeout (D:\projetos\tcc_sge\sge_relatorios\node_modules\jsreport-chrome-pdf\lib\conversion.js:192:19)
    at ontimeout (timers.js:436:11)
    at tryOnTimeout (timers.js:300:5)
    at listOnTimeout (timers.js:263:5)
    at Timer.processTimers (timers.js:223:10)
2019-11-30T20:21:56.419Z - error: Error when processing render request Timeout Error: pdf generation not completed after 40000ms Error: Timeout Error: pdf generation not completed after 40000ms
    at Timeout.setTimeout (D:\projetos\tcc_sge\sge_relatorios\node_modules\jsreport-chrome-pdf\lib\conversion.js:192:19)
    at ontimeout (timers.js:436:11)
    at tryOnTimeout (timers.js:300:5)
    at listOnTimeout (timers.js:263:5)
    at Timer.processTimers (timers.js:223:10)
2019-11-30T20:21:56.439Z - error: Error when processing render request Timeout Error: pdf generation not completed after 40000ms Error: Timeout Error: pdf generation not completed after 40000ms
    at Timeout.setTimeout (D:\projetos\tcc_sge\sge_relatorios\node_modules\jsreport-chrome-pdf\lib\conversion.js:192:19)
    at ontimeout (timers.js:436:11)
    at tryOnTimeout (timers.js:300:5)
    at listOnTimeout (timers.js:263:5)
    at Timer.processTimers (timers.js:223:10)
2019-11-30T20:21:56.440Z - error: Error during processing request at http://localhost:5488/api/report/
2019-11-30T20:21:56.441Z - error: Error during processing request at http://localhost:5488/api/report/
2019-11-30T20:21:56.442Z - error: Error during processing request at http://localhost:5488/api/report/
2019-11-30T20:21:56.443Z - error: Error during processing request at http://localhost:5488/api/report/
2019-11-30T20:21:56.448Z - error: Error when processing render request Timeout Error: pdf generation not completed after 40000ms Error: Timeout Error: pdf generation not completed after 40000ms
    at Timeout.setTimeout (D:\projetos\tcc_sge\sge_relatorios\node_modules\jsreport-chrome-pdf\lib\conversion.js:192:19)
    at ontimeout (timers.js:436:11)
    at tryOnTimeout (timers.js:300:5)
    at listOnTimeout (timers.js:263:5)
    at Timer.processTimers (timers.js:223:10)
2019-11-30T20:21:56.450Z - error: Error during processing request at http://localhost:5488/api/report/
2019-11-30T20:21:56.507Z - error: Error when processing render request Timeout Error: pdf generation not completed after 40000ms Error: Timeout Error: pdf generation not completed after 40000ms
    at Timeout.setTimeout (D:\projetos\tcc_sge\sge_relatorios\node_modules\jsreport-chrome-pdf\lib\conversion.js:192:19)
    at ontimeout (timers.js:436:11)
    at tryOnTimeout (timers.js:300:5)
    at listOnTimeout (timers.js:263:5)
    at Timer.processTimers (timers.js:223:10)
2019-11-30T20:21:56.513Z - error: Error during processing request at http://localhost:5488/api/report/
2019-11-30T21:44:09.072Z - error: Error during processing request at http://localhost:5488/api/report/, details: Unexpected end of JSON input, stack: SyntaxError: Unexpected end of JSON input
    at JSON.parse (<anonymous>)
    at parse (D:\projetos\tcc_sge\sge_relatorios\node_modules\body-parser\lib\types\json.js:89:19)
    at D:\projetos\tcc_sge\sge_relatorios\node_modules\body-parser\lib\read.js:121:18
    at invokeCallback (D:\projetos\tcc_sge\sge_relatorios\node_modules\raw-body\index.js:224:16)
    at done (D:\projetos\tcc_sge\sge_relatorios\node_modules\raw-body\index.js:213:7)
    at IncomingMessage.onEnd (D:\projetos\tcc_sge\sge_relatorios\node_modules\raw-body\index.js:273:7)
    at IncomingMessage.emit (events.js:194:15)
    at endReadableNT (_stream_readable.js:1125:12)
    at process._tickCallback (internal/process/next_tick.js:63:19)
2019-11-30T21:46:13.321Z - error: Error during processing request at http://localhost:5488/api/report/, details: Unexpected token " in JSON at position 0, stack: SyntaxError: Unexpected token " in JSON at position 0
    at JSON.parse (<anonymous>)
    at createStrictSyntaxError (D:\projetos\tcc_sge\sge_relatorios\node_modules\body-parser\lib\types\json.js:158:10)
    at parse (D:\projetos\tcc_sge\sge_relatorios\node_modules\body-parser\lib\types\json.js:83:15)
    at D:\projetos\tcc_sge\sge_relatorios\node_modules\body-parser\lib\read.js:121:18
    at invokeCallback (D:\projetos\tcc_sge\sge_relatorios\node_modules\raw-body\index.js:224:16)
    at done (D:\projetos\tcc_sge\sge_relatorios\node_modules\raw-body\index.js:213:7)
    at IncomingMessage.onEnd (D:\projetos\tcc_sge\sge_relatorios\node_modules\raw-body\index.js:273:7)
    at IncomingMessage.emit (events.js:194:15)
    at endReadableNT (_stream_readable.js:1125:12)
    at process._tickCallback (internal/process/next_tick.js:63:19)
2019-11-30T21:52:13.519Z - error: Error during processing request at http://localhost:5488/api/report/, details: Could not parse report template, aren't you missing content type?, stack: undefined
2019-11-30T21:57:23.729Z - error: Error during processing request at http://localhost:5488/api/report/, details: Could not parse report template, aren't you missing content type?, stack: undefined
2019-11-30T21:57:25.742Z - error: Error during processing request at http://localhost:5488/api/report/, details: Could not parse report template, aren't you missing content type?, stack: undefined
2019-11-30T22:07:26.253Z - error: Error during processing request at http://localhost:5488/api/report/, details: Could not parse report template, aren't you missing content type?, stack: undefined
2019-11-30T23:14:16.283Z - error: Error when processing render request Timeout Error: pdf generation not completed after 40000ms Error: Timeout Error: pdf generation not completed after 40000ms
    at Timeout.setTimeout [as _onTimeout] (D:\projetos\tcc_sge\sge_relatorios\node_modules\jsreport-chrome-pdf\lib\conversion.js:192:19)
    at ontimeout (timers.js:436:11)
    at tryOnTimeout (timers.js:300:5)
    at listOnTimeout (timers.js:263:5)
    at Timer.processTimers (timers.js:223:10)
2019-11-30T23:14:16.284Z - error: Error during processing request at http://localhost:5488/api/report/
2019-12-01T01:31:27.818Z - error: Error when processing render request Timeout Error: pdf generation not completed after 40000ms Error: Timeout Error: pdf generation not completed after 40000ms
    at Timeout.setTimeout (D:\projetos\tcc_sge\sge_relatorios\node_modules\jsreport-chrome-pdf\lib\conversion.js:192:19)
    at ontimeout (timers.js:436:11)
    at tryOnTimeout (timers.js:300:5)
    at listOnTimeout (timers.js:263:5)
    at Timer.processTimers (timers.js:223:10)
2019-12-01T01:31:27.819Z - error: Error during processing request at http://localhost:5488/api/report
2019-12-01T01:36:08.969Z - error: Error when processing render request waiting for target failed: timeout 30000ms exceeded TimeoutError: waiting for target failed: timeout 30000ms exceeded
    at Function.waitWithTimeout (D:\projetos\tcc_sge\sge_relatorios\node_modules\puppeteer\lib\helper.js:214:26)
    at Browser.waitForTarget (D:\projetos\tcc_sge\sge_relatorios\node_modules\puppeteer\lib\Browser.js:214:27)
    at Browser.<anonymous> (D:\projetos\tcc_sge\sge_relatorios\node_modules\puppeteer\lib\helper.js:111:23)
    at Launcher.launch (D:\projetos\tcc_sge\sge_relatorios\node_modules\puppeteer\lib\Launcher.js:178:21)
    at process._tickCallback (internal/process/next_tick.js:68:7)
2019-12-01T01:36:08.970Z - error: Error during processing request at http://localhost:5488/api/report
