2019-12-02T03:45:42.944Z - info: Initializing jsreport@2.6.1 in development mode using configuration file: jsreport.config.json
2019-12-02T03:45:42.948Z - info: Searching for available extensions in D:\projetos\tcc_sge\sge_relatorios\
2019-12-02T03:45:43.055Z - info: Extensions location cache contains up to date information, skipping crawling in D:\projetos\tcc_sge\sge_relatorios\
2019-12-02T03:45:44.778Z - info: Found 35 extensions
2019-12-02T03:45:49.578Z - debug: Writing extension locations cache to C:\Users\pahju\AppData\Local\Temp\jsreport\core\locations.json
2019-12-02T03:45:49.581Z - debug: Discovered 35 extensions
2019-12-02T03:45:49.914Z - info: Setting http-server strategy for rendering
2019-12-02T03:45:50.635Z - info: Using extension handlebars@2.1.0
2019-12-02T03:45:50.695Z - info: Using extension jsrender@2.1.1
2019-12-02T03:45:50.739Z - info: Using extension templates@2.3.2
2019-12-02T03:45:50.814Z - debug: Extension authentication@2.3.0 is disabled, skipping
2019-12-02T03:45:50.815Z - info: Using extension import-export@1.4.0
2019-12-02T03:45:51.763Z - info: Using extension freeze@2.0.0
2019-12-02T03:45:51.806Z - info: Using extension cli@2.1.1
2019-12-02T03:45:51.857Z - info: Using extension express@2.5.0
2019-12-02T03:45:56.495Z - info: Using extension debug@2.1.1
2019-12-02T03:45:56.542Z - info: Using extension tags@2.3.0
2019-12-02T03:45:56.563Z - info: Using extension docx@2.3.1
2019-12-02T03:45:57.276Z - info: Using extension chrome-pdf@1.6.1
2019-12-02T03:45:59.444Z - debug: Chrome strategy is dedicated-process
2019-12-02T03:45:59.448Z - info: Using extension fs-store@2.6.0
2019-12-02T03:46:02.190Z - info: Using extension authorization@2.2.5
2019-12-02T03:46:02.349Z - debug: Extension authorization@2.2.5 was disabled
2019-12-02T03:46:02.350Z - info: Using extension child-templates@1.3.0
2019-12-02T03:46:02.429Z - info: Using extension browser-client@2.2.1
2019-12-02T03:46:02.483Z - info: Using extension licensing@2.1.2
2019-12-02T03:46:02.502Z - info: Using extension data@2.1.0
2019-12-02T03:46:02.510Z - info: Using extension pptx@0.4.1
2019-12-02T03:46:02.902Z - info: Using extension version-control@1.3.2
2019-12-02T03:46:05.661Z - info: Using extension reports@2.2.0
2019-12-02T03:46:05.754Z - info: Using extension text@2.0.0
2019-12-02T03:46:05.789Z - info: Using extension base@2.0.2
2019-12-02T03:46:05.809Z - info: Using extension static-pdf@0.3.1
2019-12-02T03:46:05.932Z - info: Using extension studio@2.6.6
2019-12-02T03:46:06.647Z - debug: studio request logs are enabled (flush interval: 2000)
2019-12-02T03:46:06.652Z - info: Using extension pdf-utils@1.5.2
2019-12-02T03:46:09.202Z - info: Using extension scripts@2.2.1
2019-12-02T03:46:09.275Z - info: Using extension html-to-xlsx@2.4.1
2019-12-02T03:46:10.211Z - info: html-to-xlsx detected chrome as available html engine
2019-12-02T03:46:10.212Z - info: Using extension assets@1.5.1
2019-12-02T03:46:10.255Z - info: Using extension studio-theme-dark@0.2.0
2019-12-02T03:46:10.267Z - info: Using extension scheduling@2.1.1
2019-12-02T03:46:10.488Z - info: Using extension xlsx@2.2.1
2019-12-02T03:46:11.808Z - info: Using extension sample-template@2.4.0
2019-12-02T03:46:11.816Z - info: Using extension resources@2.0.3
2019-12-02T03:46:11.835Z - info: Using extension public-templates@2.1.0
2019-12-02T03:46:11.887Z - debug: Extension public-templates@2.1.0 was disabled
2019-12-02T03:46:11.888Z - info: Using fs provider for template store.
2019-12-02T03:46:11.895Z - info: fs store is persisting using fs
2019-12-02T03:46:11.897Z - info: fs store is synchronizing using fs
2019-12-02T03:46:11.902Z - info: fs store is loading data
2019-12-02T03:46:12.284Z - debug: fs store sync is configured to use polling for files watcher
2019-12-02T03:46:12.527Z - info: fs store is initialized successfully
2019-12-02T03:46:12.539Z - debug: studio default theme is: light
2019-12-02T03:46:12.560Z - info: Creating default express app.
2019-12-02T03:46:13.518Z - info: jsreport server successfully started on http port: 5488
2019-12-02T03:46:13.520Z - info: fs store emits sockets to synchronize underlying changes with studio
2019-12-02T03:46:13.582Z - info: Verifying license key free
2019-12-02T03:46:13.585Z - info: Using free license
2019-12-02T03:46:13.592Z - info: reporter initialized
2019-12-02T04:01:19.582Z - debug: OData query on templates
2019-12-02T04:01:19.591Z - debug: OData query on assets
2019-12-02T04:01:19.593Z - debug: OData query on folders
2019-12-02T04:01:19.595Z - debug: OData query on tags
2019-12-02T04:01:19.597Z - debug: OData query on data
2019-12-02T04:01:19.599Z - debug: OData query on scripts
2019-12-02T04:01:19.622Z - debug: OData query on xlsxTemplates
2019-12-02T04:01:19.630Z - debug: OData query on schedules
2019-12-02T04:01:19.647Z - debug: OData query on settings
2019-12-02T04:01:20.038Z - debug: OData query on templates
2019-12-02T04:01:20.071Z - debug: OData query on settings
2019-12-02T04:05:58.972Z - debug: fs store sync is triggering reload, because D:\projetos\tcc_sge\sge_relatorios\data\Nova pasta was changed by other process
2019-12-02T04:05:58.980Z - info: fs store is loading data
2019-12-02T04:06:07.637Z - debug: fs store sync is triggering reload, because D:\projetos\tcc_sge\sge_relatorios\data\modelos\config.json was changed by other process
2019-12-02T04:06:07.638Z - info: fs store is loading data
2019-12-02T04:06:07.670Z - debug: Sending external-modification socket to the studio
2019-12-02T04:06:25.649Z - debug: fs store sync is triggering reload, because D:\projetos\tcc_sge\sge_relatorios\data\modelos\config.json was changed by other process
2019-12-02T04:06:25.653Z - info: fs store is loading data
2019-12-02T04:06:25.723Z - debug: Sending external-modification socket to the studio
2019-12-02T04:06:57.626Z - debug: fs store sync is triggering reload, because D:\projetos\tcc_sge\sge_relatorios\data\modelos\Novo(a) Planilha do Microsoft Excel.xlsx was changed by other process
2019-12-02T04:06:57.631Z - info: fs store is loading data
2019-12-02T04:06:57.700Z - debug: Sending external-modification socket to the studio
2019-12-02T04:07:22.236Z - debug: fs store sync is triggering reload, because D:\projetos\tcc_sge\sge_relatorios\data\modelos\produtos_template.xlsx was changed by other process
2019-12-02T04:07:22.237Z - info: fs store is loading data
2019-12-02T04:07:22.263Z - debug: Sending external-modification socket to the studio
2019-12-02T04:07:44.404Z - debug: OData insert into folders
2019-12-02T04:07:59.435Z - debug: OData update on folders
2019-12-02T04:07:59.485Z - debug: OData query on folders
2019-12-02T04:08:48.009Z - debug: fs store sync is triggering reload, because D:\projetos\tcc_sge\sge_relatorios\data\SGE\Nova pasta was changed by other process
2019-12-02T04:08:48.011Z - info: fs store is loading data
2019-12-02T04:08:48.047Z - debug: Sending external-modification socket to the studio
2019-12-02T04:08:55.832Z - debug: fs store sync is triggering reload, because D:\projetos\tcc_sge\sge_relatorios\data\SGE\Modelos_SGE\config.json was changed by other process
2019-12-02T04:08:55.843Z - info: fs store is loading data
2019-12-02T04:08:55.898Z - debug: Sending external-modification socket to the studio
2019-12-02T04:08:57.443Z - debug: fs store sync is triggering reload, because D:\projetos\tcc_sge\sge_relatorios\data\SGE\Modelos_SGE\produtos_template.xlsx was changed by other process
2019-12-02T04:08:57.447Z - info: fs store is loading data
2019-12-02T04:08:57.503Z - debug: Sending external-modification socket to the studio
2019-12-02T04:09:05.583Z - debug: fs store sync is triggering reload, because D:\projetos\tcc_sge\sge_relatorios\data\modelos was changed by other process
2019-12-02T04:09:05.584Z - info: fs store is loading data
2019-12-02T04:09:35.921Z - debug: OData insert into xlsxTemplates
2019-12-02T04:09:36.171Z - debug: OData query on xlsxTemplates
2019-12-02T04:09:39.900Z - debug: OData query on templates
2019-12-02T04:09:39.936Z - debug: OData query on settings
2019-12-02T04:09:44.502Z - debug: OData query on templates
2019-12-02T04:09:44.544Z - debug: OData query on settings
2019-12-02T04:23:34.503Z - debug: fs store sync is triggering reload, because D:\projetos\tcc_sge\sge_relatorios\data\SGE\Modelos_SGE\produtos_template.xlsx was changed by other process
2019-12-02T04:23:34.504Z - info: fs store is loading data
2019-12-02T04:23:34.709Z - debug: Sending external-modification socket to the studio
2019-12-02T04:23:43.248Z - debug: OData query on xlsxTemplates
2019-12-02T04:24:28.134Z - debug: OData query on templates
2019-12-02T04:24:28.139Z - debug: OData query on folders
2019-12-02T04:24:28.141Z - debug: OData query on tags
2019-12-02T04:24:28.143Z - debug: OData query on data
2019-12-02T04:24:28.145Z - debug: OData query on scripts
2019-12-02T04:24:28.159Z - debug: OData query on assets
2019-12-02T04:24:28.163Z - debug: OData query on xlsxTemplates
2019-12-02T04:24:28.166Z - debug: OData query on schedules
2019-12-02T04:24:28.176Z - debug: OData query on settings
2019-12-02T04:24:28.394Z - debug: OData query on xlsxTemplates
2019-12-02T04:24:46.034Z - debug: fs store sync is triggering reload, because D:\projetos\tcc_sge\sge_relatorios\data\SGE\Modelos_SGE\11155000 was changed by other process
2019-12-02T04:24:46.038Z - info: fs store is loading data
2019-12-02T04:24:46.099Z - debug: Sending external-modification socket to the studio
2019-12-02T04:24:47.272Z - debug: fs store sync is triggering reload, because D:\projetos\tcc_sge\sge_relatorios\data\SGE\Modelos_SGE\produtos_template.xlsx was changed by other process
2019-12-02T04:24:47.275Z - info: fs store is loading data
2019-12-02T04:24:47.334Z - debug: Sending external-modification socket to the studio
2019-12-02T04:25:07.437Z - debug: fs store sync is triggering reload, because D:\projetos\tcc_sge\sge_relatorios\data\SGE\Modelos_SGE\produtos_template.xlsx was changed by other process
2019-12-02T04:25:07.439Z - info: fs store is loading data
2019-12-02T04:25:07.506Z - debug: Sending external-modification socket to the studio
2019-12-02T04:25:09.533Z - debug: fs store sync is triggering reload, because D:\projetos\tcc_sge\sge_relatorios\data\SGE\Modelos_SGE\produtos_template.xlsx was changed by other process
2019-12-02T04:25:09.536Z - info: fs store is loading data
2019-12-02T04:25:09.591Z - debug: Sending external-modification socket to the studio
2019-12-02T04:25:10.739Z - debug: fs store sync is triggering reload, because D:\projetos\tcc_sge\sge_relatorios\data\SGE\Modelos_SGE\produtos_template.xlsx was changed by other process
2019-12-02T04:25:10.741Z - info: fs store is loading data
2019-12-02T04:25:10.838Z - debug: Sending external-modification socket to the studio
2019-12-02T04:25:19.612Z - debug: OData remove from xlsxTemplates
2019-12-02T04:25:28.314Z - debug: OData insert into folders
2019-12-02T04:25:35.234Z - debug: OData insert into xlsxTemplates
2019-12-02T04:25:35.462Z - debug: OData query on xlsxTemplates
